{
  "summary": {
    "outcome": "Failed",
    "testsRan": 1,
    "passing": 0,
    "failing": 1,
    "skipped": 0,
    "passRate": "0%",
    "failRate": "100%",
    "skipRate": "0%",
    "testStartTime": "Sat Jul 23 2022 11:50:04",
    "testExecutionTimeInMs": 753,
    "testTotalTimeInMs": 753,
    "commandTimeInMs": 281,
    "hostname": "https://ocproject-dev-ed.my.salesforce.com",
    "orgId": "00D7Q00000910BFUAY",
    "username": "ocprojet9@np.com",
    "testRunId": "7077Q00000ZIxjO",
    "userId": "0057Q000005TV0kQAG"
  },
  "tests": [
    {
      "id": "07M7Q0000002PGdUAM",
      "queueItemId": "7097Q0000004ffKQAQ",
      "stackTrace": "Class.UpdateAccountTest.test: line 21, column 1",
      "message": "System.DmlException: Insert failed. First exception on row 0; first error: REQUIRED_FIELD_MISSING, Required fields are missing: [EffectiveDate, Status]: [EffectiveDate, Status]",
      "asyncApexJobId": "7077Q00000ZIxjOQAT",
      "methodName": "test",
      "outcome": "Fail",
      "apexLogId": null,
      "apexClass": {
        "id": "01p7Q00000JUNrnQAH",
        "name": "UpdateAccountTest",
        "namespacePrefix": null,
        "fullName": "UpdateAccountTest"
      },
      "runTime": 753,
      "testTimestamp": "2022-07-23T09:50:05.000+0000",
      "fullName": "UpdateAccountTest.test",
      "diagnostic": {
        "exceptionMessage": "System.DmlException: Insert failed. First exception on row 0; first error: REQUIRED_FIELD_MISSING, Required fields are missing: [EffectiveDate, Status]: [EffectiveDate, Status]",
        "exceptionStackTrace": "Class.UpdateAccountTest.test: line 21, column 1",
        "className": "UpdateAccountTest",
        "compileProblem": "",
        "lineNumber": 21,
        "columnNumber": 1
      }
    }
  ]
}