{
  "summary": {
    "outcome": "Failed",
    "testsRan": 1,
    "passing": 0,
    "failing": 1,
    "skipped": 0,
    "passRate": "0%",
    "failRate": "100%",
    "skipRate": "0%",
    "testStartTime": "Sat Jul 23 2022 12:35:05",
    "testExecutionTimeInMs": 0,
    "testTotalTimeInMs": 0,
    "commandTimeInMs": 1161,
    "hostname": "https://ocproject-dev-ed.my.salesforce.com",
    "orgId": "00D7Q00000910BFUAY",
    "username": "ocprojet9@np.com",
    "testRunId": "7077Q00000ZJ01P",
    "userId": "0057Q000005TV0kQAG"
  },
  "tests": [
    {
      "id": "07M7Q0000002PH2UAM",
      "queueItemId": "7097Q0000004ffoQAA",
      "stackTrace": "Class.MyTeamsOrdersControllerTest.makeData: line 21, column 1",
      "message": "System.DmlException: Insert failed. First exception on row 0; first error: FAILED_ACTIVATION, Choose a valid status and save your changes. For a new or cloned order, choose Draft. An Activated order's status can't be edited.: [Status]",
      "asyncApexJobId": "7077Q00000ZJ01PQAT",
      "methodName": "sumOrdersTest",
      "outcome": "Fail",
      "apexLogId": null,
      "apexClass": {
        "id": "01p7Q00000JUNrsQAH",
        "name": "MyTeamsOrdersControllerTest",
        "namespacePrefix": null,
        "fullName": "MyTeamsOrdersControllerTest"
      },
      "runTime": 0,
      "testTimestamp": "2022-07-23T10:35:06.000+0000",
      "fullName": "MyTeamsOrdersControllerTest.sumOrdersTest",
      "diagnostic": {
        "exceptionMessage": "System.DmlException: Insert failed. First exception on row 0; first error: FAILED_ACTIVATION, Choose a valid status and save your changes. For a new or cloned order, choose Draft. An Activated order's status can't be edited.: [Status]",
        "exceptionStackTrace": "Class.MyTeamsOrdersControllerTest.makeData: line 21, column 1",
        "className": "MyTeamsOrdersControllerTest",
        "compileProblem": "",
        "lineNumber": 21,
        "columnNumber": 1
      }
    }
  ]
}