{
  "summary": {
    "outcome": "Failed",
    "testsRan": 1,
    "passing": 0,
    "failing": 1,
    "skipped": 0,
    "passRate": "0%",
    "failRate": "100%",
    "skipRate": "0%",
    "testStartTime": "Sat Jul 23 2022 12:32:23",
    "testExecutionTimeInMs": 45,
    "testTotalTimeInMs": 45,
    "commandTimeInMs": 1018,
    "hostname": "https://ocproject-dev-ed.my.salesforce.com",
    "orgId": "00D7Q00000910BFUAY",
    "username": "ocprojet9@np.com",
    "testRunId": "7077Q00000ZIzVr",
    "userId": "0057Q000005TV0kQAG"
  },
  "tests": [
    {
      "id": "07M7Q0000002PGxUAM",
      "queueItemId": "7097Q0000004ffjQAA",
      "stackTrace": "Class.MyTeamsOrdersControllerTest.sumOrdersTest: line 31, column 1",
      "message": "System.AssertException: Assertion Failed: test ok",
      "asyncApexJobId": "7077Q00000ZIzVrQAL",
      "methodName": "sumOrdersTest",
      "outcome": "Fail",
      "apexLogId": null,
      "apexClass": {
        "id": "01p7Q00000JUNrsQAH",
        "name": "MyTeamsOrdersControllerTest",
        "namespacePrefix": null,
        "fullName": "MyTeamsOrdersControllerTest"
      },
      "runTime": 45,
      "testTimestamp": "2022-07-23T10:32:23.000+0000",
      "fullName": "MyTeamsOrdersControllerTest.sumOrdersTest",
      "diagnostic": {
        "exceptionMessage": "System.AssertException: Assertion Failed: test ok",
        "exceptionStackTrace": "Class.MyTeamsOrdersControllerTest.sumOrdersTest: line 31, column 1",
        "className": "MyTeamsOrdersControllerTest",
        "compileProblem": "",
        "lineNumber": 31,
        "columnNumber": 1
      }
    }
  ]
}