{
  "summary": {
    "outcome": "Failed",
    "testsRan": 1,
    "passing": 0,
    "failing": 1,
    "skipped": 0,
    "passRate": "0%",
    "failRate": "100%",
    "skipRate": "0%",
    "testStartTime": "Sat Jul 23 2022 12:44:41",
    "testExecutionTimeInMs": 0,
    "testTotalTimeInMs": 0,
    "commandTimeInMs": 130,
    "hostname": "https://ocproject-dev-ed.my.salesforce.com",
    "orgId": "00D7Q00000910BFUAY",
    "username": "ocprojet9@np.com",
    "testRunId": "7077Q00000ZIz3u",
    "userId": "0057Q000005TV0kQAG"
  },
  "tests": [
    {
      "id": "07M7Q0000002PHHUA2",
      "queueItemId": "7097Q0000004fg3QAA",
      "stackTrace": "Class.MyTeamsOrdersControllerTest.makeData: line 24, column 1",
      "message": "System.DmlException: Insert failed. First exception on row 0; first error: FIELD_INTEGRITY_EXCEPTION, Price Book Not Set on Order: []",
      "asyncApexJobId": "7077Q00000ZIz3uQAD",
      "methodName": "sumOrdersTest",
      "outcome": "Fail",
      "apexLogId": null,
      "apexClass": {
        "id": "01p7Q00000JUNrsQAH",
        "name": "MyTeamsOrdersControllerTest",
        "namespacePrefix": null,
        "fullName": "MyTeamsOrdersControllerTest"
      },
      "runTime": 0,
      "testTimestamp": "2022-07-23T10:44:42.000+0000",
      "fullName": "MyTeamsOrdersControllerTest.sumOrdersTest",
      "diagnostic": {
        "exceptionMessage": "System.DmlException: Insert failed. First exception on row 0; first error: FIELD_INTEGRITY_EXCEPTION, Price Book Not Set on Order: []",
        "exceptionStackTrace": "Class.MyTeamsOrdersControllerTest.makeData: line 24, column 1",
        "className": "MyTeamsOrdersControllerTest",
        "compileProblem": "",
        "lineNumber": 24,
        "columnNumber": 1
      }
    }
  ]
}